C:\Users\cq\Desktop\other's中文分词\fenci\ICTCLAS\.\Debug\ICTCLAS.lib
C:\Users\cq\Desktop\other's中文分词\fenci\ICTCLAS\Debug\cl.command.1.tlog
C:\Users\cq\Desktop\other's中文分词\fenci\ICTCLAS\Debug\CL.read.1.tlog
C:\Users\cq\Desktop\other's中文分词\fenci\ICTCLAS\Debug\CL.write.1.tlog
C:\USERS\CQ\DESKTOP\OTHER'S中文分词\FENCI\ICTCLAS\DEBUG\CONTEXTSTAT.OBJ
C:\USERS\CQ\DESKTOP\OTHER'S中文分词\FENCI\ICTCLAS\DEBUG\DICTIONARY.OBJ
C:\USERS\CQ\DESKTOP\OTHER'S中文分词\FENCI\ICTCLAS\DEBUG\DYNAMICARRAY.OBJ
C:\USERS\CQ\DESKTOP\OTHER'S中文分词\FENCI\ICTCLAS\DEBUG\ICTCALS.OBJ
C:\USERS\CQ\DESKTOP\OTHER'S中文分词\FENCI\ICTCLAS\DEBUG\ICTCLAS.LIB
C:\Users\cq\Desktop\other's中文分词\fenci\ICTCLAS\Debug\lib.command.1.tlog
C:\Users\cq\Desktop\other's中文分词\fenci\ICTCLAS\Debug\Lib-link.read.1.tlog
C:\Users\cq\Desktop\other's中文分词\fenci\ICTCLAS\Debug\Lib-link.write.1.tlog
C:\USERS\CQ\DESKTOP\OTHER'S中文分词\FENCI\ICTCLAS\DEBUG\NSHORTPATH.OBJ
C:\USERS\CQ\DESKTOP\OTHER'S中文分词\FENCI\ICTCLAS\DEBUG\QUEUE.OBJ
C:\USERS\CQ\DESKTOP\OTHER'S中文分词\FENCI\ICTCLAS\DEBUG\RESULT.OBJ
C:\USERS\CQ\DESKTOP\OTHER'S中文分词\FENCI\ICTCLAS\DEBUG\SEGGRAPH.OBJ
C:\USERS\CQ\DESKTOP\OTHER'S中文分词\FENCI\ICTCLAS\DEBUG\SEGMENT.OBJ
C:\USERS\CQ\DESKTOP\OTHER'S中文分词\FENCI\ICTCLAS\DEBUG\SPAN.OBJ
C:\USERS\CQ\DESKTOP\OTHER'S中文分词\FENCI\ICTCLAS\DEBUG\UNKNOWWORD.OBJ
C:\USERS\CQ\DESKTOP\OTHER'S中文分词\FENCI\ICTCLAS\DEBUG\UTILITY.OBJ
C:\Users\cq\Desktop\other's中文分词\fenci\ICTCLAS\Debug\vc100.idb
C:\USERS\CQ\DESKTOP\OTHER'S中文分词\FENCI\ICTCLAS\DEBUG\VC100.PDB
C:\Users\cq\Desktop\other's中文分词\fenci\ICTCLAS\Debug\vc60.idb
C:\Users\cq\Desktop\other's中文分词\fenci\ICTCLAS\Debug\vc60.pdb
C:\Users\cq\Desktop\other's中文分词\fenci\ICTCLAS\Debug\vc80.idb
C:\Users\cq\Desktop\other's中文分词\fenci\ICTCLAS\Debug\vc80.pdb
