C:\Users\cq\Desktop\others\others\ICTCLAS\.\Release\ICTCLAS.lib
C:\Users\cq\Desktop\others\others\ICTCLAS\Release\cl.command.1.tlog
C:\Users\cq\Desktop\others\others\ICTCLAS\Release\CL.read.1.tlog
C:\Users\cq\Desktop\others\others\ICTCLAS\Release\CL.write.1.tlog
C:\USERS\CQ\DESKTOP\OTHERS\OTHERS\ICTCLAS\RELEASE\CONTEXTSTAT.OBJ
C:\USERS\CQ\DESKTOP\OTHERS\OTHERS\ICTCLAS\RELEASE\DICTIONARY.OBJ
C:\USERS\CQ\DESKTOP\OTHERS\OTHERS\ICTCLAS\RELEASE\DYNAMICARRAY.OBJ
C:\USERS\CQ\DESKTOP\OTHERS\OTHERS\ICTCLAS\RELEASE\ICTCALS.OBJ
C:\USERS\CQ\DESKTOP\OTHERS\OTHERS\ICTCLAS\RELEASE\ICTCLAS.LIB
C:\Users\cq\Desktop\others\others\ICTCLAS\Release\lib.command.1.tlog
C:\Users\cq\Desktop\others\others\ICTCLAS\Release\Lib-link.read.1.tlog
C:\Users\cq\Desktop\others\others\ICTCLAS\Release\Lib-link.write.1.tlog
C:\USERS\CQ\DESKTOP\OTHERS\OTHERS\ICTCLAS\RELEASE\NSHORTPATH.OBJ
C:\USERS\CQ\DESKTOP\OTHERS\OTHERS\ICTCLAS\RELEASE\QUEUE.OBJ
C:\USERS\CQ\DESKTOP\OTHERS\OTHERS\ICTCLAS\RELEASE\RESULT.OBJ
C:\USERS\CQ\DESKTOP\OTHERS\OTHERS\ICTCLAS\RELEASE\SEGGRAPH.OBJ
C:\USERS\CQ\DESKTOP\OTHERS\OTHERS\ICTCLAS\RELEASE\SEGMENT.OBJ
C:\USERS\CQ\DESKTOP\OTHERS\OTHERS\ICTCLAS\RELEASE\SPAN.OBJ
C:\USERS\CQ\DESKTOP\OTHERS\OTHERS\ICTCLAS\RELEASE\UNKNOWWORD.OBJ
C:\USERS\CQ\DESKTOP\OTHERS\OTHERS\ICTCLAS\RELEASE\UTILITY.OBJ
C:\USERS\CQ\DESKTOP\OTHERS\OTHERS\ICTCLAS\RELEASE\VC100.PDB
